com.fdmgroup.conversionratesystem.currencyconversion - convertFromEuroToCurrency method with arguments 7 and USD
com.fdmgroup.conversionratesystem.currencyconversion - convertCurrencyToEuro method with arguments 5 and USD
com.fdmgroup.conversionratesystem.currencyconversion - convertCurrencyToEuro method with arguments 1.12230000000000007531752999057061970233917236328125 and USD
com.fdmgroup.conversionratesystem.currencyconversion - convertFromEuroToCurrency method with arguments 1 and USD
com.fdmgroup.conversionratesystem.currencyconversion - convertCurrencyToEuro method with arguments 4 and USD
com.fdmgroup.conversionratesystem.currencyconversion - convertCurrencyToEuro method with arguments 1.12230000000000007531752999057061970233917236328125 and USD
com.fdmgroup.conversionratesystem.currencyconversion - convertFromEuroToCurrency method with arguments 1 and USD
com.fdmgroup.conversionratesystem.currencyconversion - convertCurrencyToEuro method with arguments 5.5 and USD
com.fdmgroup.conversionratesystem.currencyconversion - convertCurrencyToEuro method with arguments 1.12230000000000007531752999057061970233917236328125 and USD
com.fdmgroup.conversionratesystem.currencyconversion - convertFromEuroToCurrency method with arguments 1 and USD
com.fdmgroup.conversionratesystem.currencyconversion - convertCurrencyToEuro method with arguments 5.5 and USD
com.fdmgroup.conversionratesystem.currencyconversion - convertCurrencyToEuro method with arguments 1.12230000000000007531752999057061970233917236328125 and USD
com.fdmgroup.conversionratesystem.currencyconversion - convertCurrencyToEuro method with arguments 5 and USD
com.fdmgroup.conversionratesystem.currencyconversion - convertCurrencyToEuro method with arguments 1.12230000000000007531752999057061970233917236328125 and USD
com.fdmgroup.conversionratesystem.currencyconversion - convertFromEuroToCurrency method with arguments 1 and USD
com.fdmgroup.conversionratesystem.currencyconversion - convertCurrencyToEuro method with arguments 5 and USD
com.fdmgroup.conversionratesystem.currencyconversion - convertCurrencyToEuro method with arguments 1.12230000000000007531752999057061970233917236328125 and USD
com.fdmgroup.conversionratesystem.currencyconversion - convertFromEuroToCurrency method with arguments 1 and USD
com.fdmgroup.conversionratesystem.currencyconversion - convertCurrencyToEuro method with arguments 5 and USD
com.fdmgroup.conversionratesystem.currencyconversion - convertCurrencyToEuro method with arguments 1.12230000000000007531752999057061970233917236328125 and USD
com.fdmgroup.conversionratesystem.currencyconversion - convertFromEuroToCurrency method with arguments 1 and USD
com.fdmgroup.conversionratesystem.currencyconversion - convertCurrencyToEuro method with arguments 5 and USD
com.fdmgroup.conversionratesystem.currencyconversion - convertCurrencyToEuro method with arguments 1.12230000000000007531752999057061970233917236328125 and USD
com.fdmgroup.conversionratesystem.currencyconversion - convertFromEuroToCurrency method with arguments 1 and USD
com.fdmgroup.conversionratesystem.currencyconversion - convertCurrencyToEuro method with arguments 5 and USD
com.fdmgroup.conversionratesystem.currencyconversion - convertCurrencyToEuro method with arguments 1.12230000000000007531752999057061970233917236328125 and USD
com.fdmgroup.conversionratesystem.currencyconversion - convertFromEuroToCurrency method with arguments 1 and USD
com.fdmgroup.conversionratesystem.currencyconversion - convertCurrencyToEuro method with arguments 5.5 and USD
com.fdmgroup.conversionratesystem.currencyconversion - convertCurrencyToEuro method with arguments 1.12230000000000007531752999057061970233917236328125 and USD
com.fdmgroup.conversionratesystem.currencyconversion - convertCurrencyToEuro method with arguments 5.5 and USD
com.fdmgroup.conversionratesystem.currencyconversion - convertFromEuroToCurrency method with arguments 1 and USD
com.fdmgroup.conversionratesystem.currencyconversion - convertFromEuroToCurrency method with arguments 5 and USD
com.fdmgroup.conversionratesystem.currencyconversion - convertFromEuroToCurrency method with arguments 6 and USD
<<<<<<< HEAD
com.fdmgroup.conversionratesystem.currencyconversion - convertFromEuroToCurrency method with arguments 4 and USD
com.fdmgroup.conversionratesystem.currencyconversion - convertFromEuroToCurrency method with arguments 6 and USD
com.fdmgroup.conversionratesystem.currencyconversion - convertFromEuroToCurrency method with arguments 6 and USD
com.fdmgroup.conversionratesystem.currencyconversion - convertFromEuroToCurrency method with arguments 9 and USD
com.fdmgroup.conversionratesystem.currencyconversion - convertFromEuroToCurrency method with arguments 9.8 and USD
com.fdmgroup.conversionratesystem.currencyconversion - convertCurrencyToEuro method with arguments 7 and USD
com.fdmgroup.conversionratesystem.currencyconversion - convertFromEuroToCurrency method with arguments 9 and USD
=======
com.fdmgroup.conversionratesystem.currencyconversion - convertFromEuroToCurrency method with arguments 5 and USD
com.fdmgroup.conversionratesystem.currencyconversion - convertFromEuroToCurrency method with arguments 5 and USD
>>>>>>> e553c7006bce624a89fd0c7be9544644c7443d0d
