com.fdmgroup.conversionratesystem.currencymenu - displayMenu method in process
com.fdmgroup.conversionratesystem.currencymenu - displayMenu method in process
com.fdmgroup.conversionratesystem.currencymenu - displayMenu method in process
com.fdmgroup.conversionratesystem.currencymenu - getUserInfo method executed 
com.fdmgroup.conversionratesystem.currencymenu - displayMenu method in process
com.fdmgroup.conversionratesystem.currencymenu - getUserInfo method executed 
com.fdmgroup.conversionratesystem.currencymenu - displayMenu method in process
<<<<<<< HEAD
com.fdmgroup.conversionratesystem.currencymenu - getUserInfo method executed 
com.fdmgroup.conversionratesystem.currencymenu - displayMenu method in process
com.fdmgroup.conversionratesystem.currencymenu - displayMenu method in process
com.fdmgroup.conversionratesystem.currencymenu - getUserInfo method executed 
com.fdmgroup.conversionratesystem.currencymenu - displayMenu method in process
com.fdmgroup.conversionratesystem.currencymenu - getUserInfo method executed 
com.fdmgroup.conversionratesystem.currencymenu - displayMenu method in process
com.fdmgroup.conversionratesystem.currencymenu - getUserInfo method executed 
com.fdmgroup.conversionratesystem.currencymenu - displayMenu method in process
com.fdmgroup.conversionratesystem.currencymenu - getUserInfo method executed 
com.fdmgroup.conversionratesystem.currencymenu - displayMenu method in process
com.fdmgroup.conversionratesystem.currencymenu - getUserInfo method executed 
com.fdmgroup.conversionratesystem.currencymenu - displayMenu method in process
com.fdmgroup.conversionratesystem.currencymenu - getUserInfo method executed 
=======
com.fdmgroup.conversionratesystem.currencymenu - displayMenu method in process
com.fdmgroup.conversionratesystem.currencymenu - getUserInfo method executed 
com.fdmgroup.conversionratesystem.currencymenu - displayMenu method in process
>>>>>>> e553c7006bce624a89fd0c7be9544644c7443d0d
com.fdmgroup.conversionratesystem.currencymenu - displayMenu method in process
com.fdmgroup.conversionratesystem.currencymenu - displayMenu method in process
com.fdmgroup.conversionratesystem.currencymenu - displayMenu method in process
com.fdmgroup.conversionratesystem.currencymenu - getUserInfo method executed 
<<<<<<< HEAD
com.fdmgroup.conversionratesystem.currencymenu - displayMenu method in process
com.fdmgroup.conversionratesystem.currencymenu - displayMenu method in process
com.fdmgroup.conversionratesystem.currencymenu - getUserInfo method executed 
com.fdmgroup.conversionratesystem.currencymenu - displayMenu method in process
com.fdmgroup.conversionratesystem.currencymenu - displayMenu method in process
com.fdmgroup.conversionratesystem.currencymenu - displayMenu method in process
com.fdmgroup.conversionratesystem.currencymenu - displayMenu method in process
com.fdmgroup.conversionratesystem.currencymenu - getUserInfo method executed 
com.fdmgroup.conversionratesystem.currencymenu - displayMenu method in process
com.fdmgroup.conversionratesystem.currencymenu - displayMenu method in process
com.fdmgroup.conversionratesystem.currencymenu - displayMenu method in process
com.fdmgroup.conversionratesystem.currencymenu - displayMenu method in process
=======
>>>>>>> e553c7006bce624a89fd0c7be9544644c7443d0d
